<?xml version="1.0" encoding="UTF-8"?>
<!-- Generated by org.testng.reporters.JUnitXMLReporter -->
<testsuite ignored="0" hostname="MX-IT05709" failures="0" tests="7" name="Test Suite" time="3.738" errors="0" timestamp="2024-07-10T17:06:49 CST">
  <testcase classname="org.Tests.TestCasesExamples" name="shouldDeleteRecordById" time="1.828"/>
  <testcase classname="org.Tests.TestCasesExamples" name="shouldGetCommentsById" time="0.31"/>
  <testcase classname="org.Tests.TestCasesExamples" name="shouldGetPostsById" time="0.333"/>
  <testcase classname="org.Tests.TestCasesExamples" name="shouldGetPostsCommentsInformation" time="0.313"/>
  <testcase classname="org.Tests.TestCasesExamples" name="shouldGetPostsInformation" time="0.294"/>
  <testcase classname="org.Tests.TestCasesExamples" name="shouldPostNewRecord" time="0.284"/>
  <testcase classname="org.Tests.TestCasesExamples" name="shouldPutInRecordById" time="0.347"/>
</testsuite> <!-- Test Suite -->
